Determining if the pthread_create exist failed with the following output:
Change Dir: /home/ryan/GitHub_WorkSpace/dataGeneration/build/CMakeFiles/CMakeTmp

Run Build Command:"/usr/bin/make" "cmTC_e8755/fast"
/usr/bin/make -f CMakeFiles/cmTC_e8755.dir/build.make CMakeFiles/cmTC_e8755.dir/build
make[1]: Entering directory `/home/ryan/GitHub_WorkSpace/dataGeneration/build/CMakeFiles/CMakeTmp'
Building C object CMakeFiles/cmTC_e8755.dir/CheckSymbolExists.c.o
/usr/bin/cc    -o CMakeFiles/cmTC_e8755.dir/CheckSymbolExists.c.o   -c /home/ryan/GitHub_WorkSpace/dataGeneration/build/CMakeFiles/CMakeTmp/CheckSymbolExists.c
Linking C executable cmTC_e8755
/usr/local/bin/cmake -E cmake_link_script CMakeFiles/cmTC_e8755.dir/link.txt --verbose=1
/usr/bin/cc       CMakeFiles/cmTC_e8755.dir/CheckSymbolExists.c.o  -o cmTC_e8755 -rdynamic 
CMakeFiles/cmTC_e8755.dir/CheckSymbolExists.c.o: In function `main':
CheckSymbolExists.c:(.text+0x16): undefined reference to `pthread_create'
collect2: error: ld returned 1 exit status
make[1]: *** [cmTC_e8755] Error 1
make[1]: Leaving directory `/home/ryan/GitHub_WorkSpace/dataGeneration/build/CMakeFiles/CMakeTmp'
make: *** [cmTC_e8755/fast] Error 2

File /home/ryan/GitHub_WorkSpace/dataGeneration/build/CMakeFiles/CMakeTmp/CheckSymbolExists.c:
/* */
#include <pthread.h>

int main(int argc, char** argv)
{
  (void)argv;
#ifndef pthread_create
  return ((int*)(&pthread_create))[argc];
#else
  (void)argc;
  return 0;
#endif
}

Determining if the function pthread_create exists in the pthreads failed with the following output:
Change Dir: /home/ryan/GitHub_WorkSpace/dataGeneration/build/CMakeFiles/CMakeTmp

Run Build Command:"/usr/bin/make" "cmTC_f73a0/fast"
/usr/bin/make -f CMakeFiles/cmTC_f73a0.dir/build.make CMakeFiles/cmTC_f73a0.dir/build
make[1]: Entering directory `/home/ryan/GitHub_WorkSpace/dataGeneration/build/CMakeFiles/CMakeTmp'
Building C object CMakeFiles/cmTC_f73a0.dir/CheckFunctionExists.c.o
/usr/bin/cc   -DCHECK_FUNCTION_EXISTS=pthread_create   -o CMakeFiles/cmTC_f73a0.dir/CheckFunctionExists.c.o   -c /usr/local/share/cmake-3.3/Modules/CheckFunctionExists.c
Linking C executable cmTC_f73a0
/usr/local/bin/cmake -E cmake_link_script CMakeFiles/cmTC_f73a0.dir/link.txt --verbose=1
/usr/bin/cc   -DCHECK_FUNCTION_EXISTS=pthread_create    CMakeFiles/cmTC_f73a0.dir/CheckFunctionExists.c.o  -o cmTC_f73a0 -rdynamic -lpthreads 
/usr/bin/ld: cannot find -lpthreads
collect2: error: ld returned 1 exit status
make[1]: *** [cmTC_f73a0] Error 1
make[1]: Leaving directory `/home/ryan/GitHub_WorkSpace/dataGeneration/build/CMakeFiles/CMakeTmp'
make: *** [cmTC_f73a0/fast] Error 2


